[www.gotokeep.com/index.html]
[www.gotokeep.com/apple-touch-icon-57x57.png]
[www.gotokeep.com/apple-touch-icon-60x60.png]
[www.gotokeep.com/apple-touch-icon-72x72.png]
[www.gotokeep.com/apple-touch-icon-76x76.png]
[www.gotokeep.com/apple-touch-icon-114x114.png]
[www.gotokeep.com/apple-touch-icon-120x120.png]
[www.gotokeep.com/apple-touch-icon-144x144.png]
[www.gotokeep.com/apple-touch-icon-152x152.png]
[www.gotokeep.com/apple-touch-icon-180x180.png]
[www.gotokeep.com/favicon-32x32.png]
[www.gotokeep.com/favicon-96x96.png]
[www.gotokeep.com/favicon-16x16.png]
[staticssl.keepcdn.com/show/vendors/webfont/css/keep_icon-645549d368.css]
[staticssl.keepcdn.com/show/css/common/common-c43e2e93f4.css]
[backblue.gif]
[fade.gif]
[index.html]
[staticssl.keepcdn.com/show/css/homepage-63aa553ea3.css]
[staticssl.keepcdn.com/show/images/logo-16fc21eba7.png]
[www.gotokeep.com/explore.html]
[www.gotokeep.com/training.html]
[staticssl.keepcdn.com/show/images/wechat-qr-429ecdac26.jpg]
[staticssl.keepcdn.com/show/images/phonelogo-b3150ff135.png]
[staticssl.keepcdn.com/show/images/homepage/slogan-cfd33df7dd.png]
[staticssl.keepcdn.com/show/images/homepage/play-1a7aadd99d.png]
[www.gotokeep.com/app74fd.html]
[staticssl.keepcdn.com/show/images/appledownload-bf3fce6ff0.png]
[www.gotokeep.com/app91ce.html]
[staticssl.keepcdn.com/show/images/androiddownload-7af2fefe76.png]
[staticssl.keepcdn.com/show/images/homepage/qrcode-9be5654ac6.png]
[www.gotokeep.com/app.html]
[www.gotokeep.com/workouts/574ec490a65b046c1bfe6571.html]
[staticssl.keepcdn.com/misc/2016/06/02/23/554474e4c9000000.jpg]
[www.gotokeep.com/workouts/57a3543e3c00ccd552afd63f.html]
[staticssl.keepcdn.com/misc/2016/08/10/18/559cfa2a86000000.jpg]
[www.gotokeep.com/workouts/57a358883c00ccd552afd71e.html]
[staticssl.keepcdn.com/misc/2016/08/12/10/559f29c0b2400000.jpg]
[www.gotokeep.com/workouts/56d415419f0274a548831890.html]
[staticssl.keepcdn.com/misc/2016/03/01/15/54cc47743b800000.jpg]
[staticssl.keepcdn.com/show/images/homepage/body-17083f5af5.png]
[staticssl.keepcdn.com/show/images/homepage/bodycircle-de9a04cd4e.png]
[staticssl.keepcdn.com/show/images/homepage/heart-ee688b8cbb.png]
[staticssl.keepcdn.com/show/images/homepage/traindata-b45741aab8.png]
[staticssl.keepcdn.com/show/images/homepage/trainchart-22f298e54c.png]
[staticssl.keepcdn.com/show/images/homepage/trainpic-ed1960e938.png]
[staticssl.keepcdn.com/show/images/homepage/runtrack-3ad5a221f9.png]
[staticssl.keepcdn.com/show/images/homepage/runchart-ae8422d700.png]
[staticssl.keepcdn.com/show/images/homepage/runcover-84021e09f4.png]
[www.gotokeep.com/maptrack.html]
[www.gotokeep.com/entries/58eb054ed9839842c5d4409f.html]
[static1.keepcdn.com/picture/2017/04/10/12/75a2b78f669a734e5a1434fe202bedb4e572d4cc_1332x2000.jpg]
[staticssl.keepcdn.com/avatar/2016/11/05/11/42c7237e426c5baa615b71c05431475ff79e1f71fad9.jpg]
[www.gotokeep.com/entries/58eb6bf0e1d6d4019932e904.html]
[static1.keepcdn.com/picture/2017/04/10/19/eefe86193732b43312bb4c5c98946858b8e8d4a5_347x347.jpg]
[staticssl.keepcdn.com/avatar/2016/10/21/19/4dd09d7d64cbfb6a6b98267b35a2b6a8ab6b7332fad9.jpg]
[www.gotokeep.com/entries/58eb7ba0d9839806a39e540e.html]
[static1.keepcdn.com/picture/2017/04/10/20/f1f4ec029d06cd4bdaf96cc46b18ab778d3b9e6c_1080x810.jpg]
[static1.keepcdn.com/avatar/2016/04/15/12/3080f0fc9dd23a18212183729f8d0ce752a6cab6fad9.png]
[www.gotokeep.com/entries/58eb8894d9839806a3a3d18a.html]
[static1.keepcdn.com/picture/2017/04/10/21/f477218449fcf6f7169be438aa623e1a412df399_960x960.jpg]
[staticssl.keepcdn.com/avatar/2015/10/20/08/86f800124ea99535dd4dcb593e262c41a7f2d722fad9.png]
[www.gotokeep.com/entries/58eb8a16f75d3926e292af44.html]
[static1.keepcdn.com/picture/2017/04/10/21/25ca186521ba6f604d970419f82a193669fb689f_1999x1124.jpg]
[static1.keepcdn.com/avatar/2017/04/03/23/cc693cea2c2087a746769aa4d32c6d7498a6a443fad9.jpg]
[www.gotokeep.com/entries/58ebc63235c9ae7f0e436246.html]
[static1.keepcdn.com/picture/2017/04/11/01/709730e846f4cb014dcb6106d50c570b7aad4fff_1500x1500.jpg]
[static1.keepcdn.com/avatar/2016/11/19/20/94da3ad7dbc86354f7429675918da565a515587dfad9.jpg]
[www.gotokeep.com/entries/58ec1e6835c9ae7f0e475f52.html]
[static1.keepcdn.com/picture/2017/04/11/08/ee4652b89de81e80ff13d52db37c1411266c2027_1125x1124.jpg]
[staticssl.keepcdn.com/avatar/2015/10/22/13/f871164c3d0e74032b059509a43d22938516a139fad9.jpg]
[www.gotokeep.com/entries/58ec27c5f75d3926e2a49564.html]
[static1.keepcdn.com/picture/2017/04/11/08/29d7cd2b654aa55694a946b7460b7247a9d8a287_640x821.jpg]
[static1.keepcdn.com/avatar/2017/04/10/00/0c48f5190b72c952b620a7360388daec1b115f47fad9.jpg]
[staticssl.keepcdn.com/show/images/homepage/camera-e92b0dfd3d.png]
[www.gotokeep.com/entries/58ec65b1f75d3926e2ac0771.html]
[staticssl.keepcdn.com/avatar/2017/04/07/20/936039b1a96b8086dfcf5835fa3a182759bedcf0fad9.jpg]
[www.gotokeep.com/entries/58ec65a9d9839806a3bdb9c6.html]
[static1.keepcdn.com/avatar/2017/03/09/20/afed8858ba38aa5b0449569f5f966430ba2e7ad2fad9.png]
[www.gotokeep.com/entries/58ec65a204e15628d387393b.html]
[staticssl.keepcdn.com/show/images/default-avatar-22c5202921fad9.png]
[www.gotokeep.com/entries/58ec6594e1d6d4019957bad6.html]
[static1.keepcdn.com/picture/2017/01/08/22/26593991b7d900b799bfe1f078b6226b40f13e51fad9.jpg]
[www.gotokeep.com/entries/58ec65b0f75d3926e2ac0769.html]
[staticssl.keepcdn.com/avatar/2017/04/11/12/fe2a77298011b34abbfe61528114fc7cd90c3d8bfad9.jpg]
[www.gotokeep.com/entries/58ec6596f75d3926e2ac035c.html]
[www.gotokeep.com/entries/58ec65b2e1d6d4019957be9e.html]
[staticssl.keepcdn.com/avatar/2017/04/10/19/94bd40ffe959ab5169c68d996f18854a499882adfad9.gif]
[www.gotokeep.com/entries/58ec65b1f75d3926e2ac078b.html]
[static1.keepcdn.com/avatar/2017/04/09/23/f968889031533ba474cec5e5b32a149506ead98bfad9.jpg]
[www.gotokeep.com/entries/58ec6598d9839806a3bdb708.html]
[www.gotokeep.com/entries/58ec659435c9ae7f0e4fe855.html]
[static1.keepcdn.com/avatar/2016/10/14/12/6204b7b4f593934afcbcad731b600e42d96e121cfad9.png]
[www.gotokeep.com/entries/58ec65afe1d6d4019957be6a.html]
[static1.keepcdn.com/avatar/2017/03/13/20/6a609ab14b0077550537e3d63611b81744ead767fad9.png]
[www.gotokeep.com/entries/58ec65aee1d6d4019957be3f.html]
[staticssl.keepcdn.com/avatar/2016/08/08/19/4253d6d9815f5a2cdbe10125135f8cabc653a1f5fad9.png]
[www.gotokeep.com/entries/58ec65aee1d6d4019957be47.html]
[staticssl.keepcdn.com/avatar/2017/04/07/15/f3aead6c8dd97dd2a8aef5bf3a92febbed3dea5ffad9.jpg]
[www.gotokeep.com/entries/58ec6598f75d3926e2ac038c.html]
[www.gotokeep.com/entries/58ec65aed9839806a3bdba51.html]
[staticssl.keepcdn.com/avatar/2016/06/17/20/76fb58f20b6ebb862519f7aa5c273229579127aefad9.png]
[www.gotokeep.com/entries/58ec65aee1d6d4019957be4b.html]
[staticssl.keepcdn.com/avatar/2016/09/24/15/d00a2e4da9df36b4259e470324d9ebe125d2cf86fad9.png]
[www.gotokeep.com/entries/58ec65a0d9839806a3bdb852.html]
[www.gotokeep.com/entries/58ec65b1e1d6d4019957be86.html]
[staticssl.keepcdn.com/avatar/2017/04/05/12/b3f8c0195e030a6ebff3096cb5527e81c04dc8eefad9.jpg]
[www.gotokeep.com/entries/58ec65acf75d3926e2ac06b3.html]
[static1.keepcdn.com/picture/2016/12/07/22/f44b76fb3d3e8b6b909f597e13fa683416ee868dfad9.jpg]
[www.gotokeep.com/entries/58ec65b1d9839806a3bdbad4.html]
[staticssl.keepcdn.com/show/images/homepage/apppages-45ace3b44e.png]
[www.gotokeep.com/about.html]
[www.gotokeep.com/join.html]
[www.gotokeep.com/tos.html]
[www.gotokeep.com/privacy.html]
[www.gotokeep.com/policy.html]
[www.google-analytics.com/analytics.js]
[www.gotokeep.com/index.html]
[staticssl.keepcdn.com/show/vendors/webfont/css/keep_icon-645549d368.css]
[staticssl.keepcdn.com/show/images/loading-19a448dd0e.gif]
[staticssl.keepcdn.com/show/css/common/common-c43e2e93f4.css]
[staticssl.keepcdn.com/show/images/homepage/head-1bb5fdbe97.jpg]
[staticssl.keepcdn.com/show/images/homepage/runbg-48ebfba6ba.jpg]
[staticssl.keepcdn.com/show/images/homepage/usersbgicon1-75fc2ecc47.png]
[staticssl.keepcdn.com/show/images/homepage/usersbgicon2-5ff346cc36.png]
[staticssl.keepcdn.com/show/js/homepage-6fdb34bb2c.js]
[staticssl.keepcdn.com/show/images/homepage/usersbgicon3-1d64b4b377.png]
[staticssl.keepcdn.com/show/images/homepage/usersbgicon4-91853c7a77.png]
[staticssl.keepcdn.com/show/images/homepage/usersbgicon5-92b9b7742b.png]
[staticssl.keepcdn.com/show/images/homepage/linkbg-cb03791bf9.jpg]
[staticssl.keepcdn.com/show/images/homepage/communitybg-87610f1815.jpg]
[staticssl.keepcdn.com/show/images/homepage/communitybg-sm-07813e09e8.jpg]
[staticssl.keepcdn.com/show/css/homepage-63aa553ea3.css]
[staticssl.keepcdn.com/show/css/explore/explore_web-87d9ac9fbb.css]
[www.gotokeep.com/entries/58eafa8735c9ae392912ef73.html]
[staticssl.keepcdn.com/2017/04/11/10/1491877439070_750x400.jpg]
[www.gotokeep.com/articles/58eb5900e1d6d401992eff15.html]
[staticssl.keepcdn.com/2017/04/11/10/1491877092230_750x340.jpg]
[www.gotokeep.com/articles/58e99875d9839842c5a1dc9d.html]
[staticssl.keepcdn.com/2017/04/09/11/1491708893168_750x340.jpg]
[www.gotokeep.com/articles/58e863b4f75d3948ab212e93.html]
[staticssl.keepcdn.com/2017/04/08/12/1491625135692_750x340.jpg]
[www.gotokeep.com/articles/58e5f38cf75d39028c802d7d.html]
[staticssl.keepcdn.com/2017/04/07/10/1491532417447_750x340.jpg]
[www.gotokeep.com/entries/58ec345804e15628d3811be8.html]
[www.gotokeep.com/entries/58ec37cee1d6d4019952042a.html]
[www.gotokeep.com/entries/58ec3855e1d6d401995211ce.html]
[www.gotokeep.com/entries/58ec3ae1f75d3926e2a69e31.html]
[www.gotokeep.com/entries/58ec3de635c9ae7f0e4add99.html]
[www.gotokeep.com/entries/58ec53a004e15628d38488b1.html]
[www.gotokeep.com/explore.html]
[staticssl.keepcdn.com/show/css/training/training-4ab9396c28.css]
[www.gotokeep.com/workouthashtags/5833bd46424de3aa33fa27c1.html]
[www.gotokeep.com/workouthashtags/58cb5a80e4220d2e242d5caf.html]
[www.gotokeep.com/workouthashtags/5684d89d8942be144e745231.html]
[staticssl.keepcdn.com/show/js/common/common-c7c2ae32b8.js]
[www.gotokeep.com/workouthashtags/58de7af75c08762315299ff2.html]
[www.gotokeep.com/workouthashtags/5684dfab8942be144e745234.html]
[www.gotokeep.com/workouthashtags/5684e01a8942be144e745235.html]
[staticssl.keepcdn.com/show/js/explore/explore_web-1451a6b02f.js]
[www.gotokeep.com/workouthashtags/58c0cbf38fe1f8f10b7806d1.html]
[www.gotokeep.com/workouthashtags/5756909c427077794c1bfde8.html]
[www.gotokeep.com/workouthashtags/58be13d2837258bc1a58800b.html]
[www.gotokeep.com/workouthashtags/575e78608d892b6a7356bf2d.html]
[www.gotokeep.com/workouthashtags/58b3a7564d123d21035a559f.html]
[www.gotokeep.com/workouthashtags/5682551dd1d20e1f26f2a7ed.html]
[www.gotokeep.com/workouthashtags/56825592922d204caab2061f.html]
[www.gotokeep.com/workouthashtags/5833bda5424de3aa33fa27c4.html]
[www.gotokeep.com/workouthashtags/5684df9577e9f961b96d92b3.html]
[www.gotokeep.com/workouthashtags/5684e07e8942be144e745236.html]
[www.gotokeep.com/workouthashtags/5684e14377e9f961b96d935f.html]
[www.gotokeep.com/workouthashtags/5684e0c98942be144e745237.html]
[www.gotokeep.com/workouthashtags/5684d99b8942be144e745232.html]
[www.gotokeep.com/trainingpoint/54826e417fb786000069ad82fb58.html]
[staticssl.keepcdn.com/misc/2016/08/05/12/55963b0e73800000.png]
[www.gotokeep.com/trainingpoint/54826e417fb786000069ad848497.html]
[staticssl.keepcdn.com/misc/2016/08/05/12/55963ab1a4c00000.png]
[www.gotokeep.com/trainingpoint/54826e417fb786000069ad83eca6.html]
[www.gotokeep.com/all_courses/index.html]
[staticssl.keepcdn.com/misc/2016/08/05/12/55963b1db3c00000.png]
[www.gotokeep.com/trainingpoint/54826e417fb786000069ad88b30c.html]
[staticssl.keepcdn.com/misc/2016/08/05/12/559639a46e400000.png]
[www.gotokeep.com/trainingpoint/55cb1b72bfbf17f934371eba3eda.html]
[staticssl.keepcdn.com/misc/2016/08/05/12/55963afccdc00000.png]
[www.gotokeep.com/trainingpoint/54826e417fb786000069ad860c04.html]
[staticssl.keepcdn.com/misc/2016/08/05/12/55963b3fc0400000.png]
[www.gotokeep.com/trainingpoint/55cb1ca06fe674f94036d581e648.html]
[staticssl.keepcdn.com/misc/2016/08/05/12/55963b2cc0800000.png]
[www.gotokeep.com/trainingpoint/54826e417fb786000069ad870ab1.html]
[staticssl.keepcdn.com/misc/2016/08/05/12/559639594f800000.png]
[www.gotokeep.com/trainingpoint/54826e417fb786000069ad853fae.html]
[staticssl.keepcdn.com/misc/2016/08/05/12/55963ad31b400000.png]
[www.gotokeep.com/trainingpoint/54826e417fb786000069ad812094.html]
[staticssl.keepcdn.com/misc/2016/08/05/12/559638c467800000.png]
[staticssl.keepcdn.com/show/images/weixinshare-33ac8da23f.jpg]
[www.gotokeep.com/training.html]
[staticssl.keepcdn.com/show/js/training/training-9a2f461c94.js]
[staticssl.keepcdn.com/misc/2015/08/20/12/53d254c061800000.png]
[staticssl.keepcdn.com/misc/2015/08/20/12/53d25480e4000000.png]
[www.gotokeep.com/app74fd.html]
[www.gotokeep.com/app91ce.html]
[www.gotokeep.com/app.html]
[staticssl.keepcdn.com/show/css/training/workout-a911e7960d.css]
[www.gotokeep.com/exercises/574ec00e11fc5042c9195b8f0251.html]
[www.gotokeep.com/exercises/574ec00e11fc5042c9195b8b0251.html]
[hm.baidu.com/hm8b96.js]
[www.gotokeep.com/exercises/574ec00e11fc5042c9195b840251.html]
[www.gotokeep.com/exercises/574ec00e11fc5042c9195b920251.html]
[www.gotokeep.com/exercises/574ec00e11fc5042c9195b890251.html]
[www.gotokeep.com/exercises/574ec00e11fc5042c9195b980251.html]
[www.gotokeep.com/exercises/574ec00e11fc5042c9195b860251.html]
[www.gotokeep.com/exercises/574ec00e11fc5042c9195b7a0251.html]
[www.gotokeep.com/exercises/574ec00e11fc5042c9195b900251.html]
[www.gotokeep.com/exercises/574ec00e11fc5042c9195b8e0251.html]
[www.gotokeep.com/exercises/574ec00e11fc5042c9195b8d0251.html]
[www.gotokeep.com/exercises/574ec00e11fc5042c9195b7c0251.html]
[www.gotokeep.com/exercises/574ec00e11fc5042c9195b7f0251.html]
[www.gotokeep.com/exercises/574ec00e11fc5042c9195b7e0251.html]
[www.gotokeep.com/exercises/574ec00e11fc5042c9195b9b0251.html]
[www.gotokeep.com/exercises/574ec00e11fc5042c9195b830251.html]
[www.gotokeep.com/exercises/574ec00e11fc5042c9195b930251.html]
[www.gotokeep.com/exercises/574ec00e11fc5042c9195b810251.html]
[www.gotokeep.com/exercises/574ec00e11fc5042c9195b990251.html]
[www.gotokeep.com/exercises/574ec00e11fc5042c9195b950251.html]
[www.gotokeep.com/exercises/574ec00e11fc5042c9195b760251.html]
[www.gotokeep.com/exercises/574ec00e11fc5042c9195b9a0251.html]
[www.gotokeep.com/exercises/574ec00e11fc5042c9195b820251.html]
[www.gotokeep.com/exercises/574ec00e11fc5042c9195b8c0251.html]
[www.gotokeep.com/entries/58aafddbf9da937759428e3c.html]
[www.gotokeep.com/entries/58aaf0b188b26d057a7ff65c.html]
[www.gotokeep.com/entries/58aac2d42363ee17dad8344f.html]
[www.gotokeep.com/entries/58a8e19e2363ee77fd16070d.html]
[www.gotokeep.com/entries/58a2955df9da9353ed392099.html]
[www.gotokeep.com/entries/58a19e50f9da9353ed0e8090.html]
[www.gotokeep.com/entries/58a00cd298f04a1d1d736a83.html]
[www.gotokeep.com/entries/589ff79219b6fc2725e18c1d.html]
[www.gotokeep.com/entries/589cfdd02363ee77fd026aa4.html]
[www.gotokeep.com/entries/589af3512363ee06925bf084.html]
[www.gotokeep.com/entries/58966a92f9da937a3d90a91b.html]
[www.gotokeep.com/entries/5894a650f9da937a3d5bbe99.html]
[www.gotokeep.com/workouts/574ec490a65b046c1bfe6571.html]
[www.gotokeep.com/exercises/57a06ad611fc505c1c7f399b0251.html]
[www.gotokeep.com/exercises/57a06ad611fc505c1c7f398f0251.html]
[www.gotokeep.com/exercises/57a06ad611fc505c1c7f39880251.html]
[www.gotokeep.com/exercises/57a06ad611fc505c1c7f39980251.html]
[www.gotokeep.com/exercises/57a06ad611fc505c1c7f398d0251.html]
[staticssl.keepcdn.com/show/js/training/workout-9a2f461c94.js]
[www.gotokeep.com/exercises/57a06ad611fc505c1c7f39940251.html]
[www.gotokeep.com/exercises/57a06ad611fc505c1c7f39910251.html]
[www.gotokeep.com/exercises/57a06ad611fc505c1c7f39830251.html]
[www.gotokeep.com/exercises/57a06ad611fc505c1c7f39970251.html]
[www.gotokeep.com/exercises/57a06ad611fc505c1c7f39950251.html]
[www.gotokeep.com/exercises/57a06ad611fc505c1c7f399c0251.html]
[www.gotokeep.com/exercises/57a06ad611fc505c1c7f398e0251.html]
[www.gotokeep.com/entries/589bbc6419b6fc65e4f633a0.html]
[www.gotokeep.com/entries/587b0825f9da932b134bf397.html]
[www.gotokeep.com/entries/586cd5a019b6fc53ff390c0e.html]
[www.gotokeep.com/entries/583ee39bf9da932ecd432224.html]
[www.gotokeep.com/entries/582e337d2363ee09cc29a144.html]
[www.gotokeep.com/entries/5817d1032363ee6432e41550.html]
[www.gotokeep.com/entries/58171ed419b6fc3a2c1cb025.html]
[www.gotokeep.com/entries/580c8bff19b6fc111f53df2a.html]
[www.gotokeep.com/entries/57f7a1a582156224051f45f2.html]
[www.gotokeep.com/entries/57e67ca5753a4f647b09c8f0.html]
[www.gotokeep.com/workouts/57a3543e3c00ccd552afd63f.html]
[www.gotokeep.com/entries/57dc74cea7e1cde75026494f.html]
[www.gotokeep.com/entries/57d0bd86f06d7a6748a5fbc5.html]
[www.gotokeep.com/exercises/57a06ad611fc505c1c7f39860251.html]
[www.gotokeep.com/exercises/57a06ad611fc505c1c7f39850251.html]
[www.gotokeep.com/exercises/57a06ad611fc505c1c7f39840251.html]
[www.gotokeep.com/exercises/57a06ad611fc505c1c7f398b0251.html]
[www.gotokeep.com/exercises/57a06ad611fc505c1c7f39920251.html]
[www.gotokeep.com/exercises/57a06ad611fc505c1c7f39870251.html]
[www.gotokeep.com/exercises/57a06ad611fc505c1c7f398c0251.html]
[www.gotokeep.com/exercises/57a06ad611fc505c1c7f39890251.html]
[www.gotokeep.com/exercises/57a06ad611fc505c1c7f39960251.html]
[www.gotokeep.com/exercises/57a06ad611fc505c1c7f399a0251.html]
[www.gotokeep.com/exercises/57a06ad611fc505c1c7f399d0251.html]
[www.gotokeep.com/exercises/57a06ad611fc505c1c7f39930251.html]
[www.gotokeep.com/exercises/57a06ad611fc505c1c7f39990251.html]
[www.gotokeep.com/exercises/57a06ad611fc505c1c7f398a0251.html]
[www.gotokeep.com/exercises/57a06ad611fc505c1c7f39900251.html]
[www.gotokeep.com/entries/5897440a19b6fc65e44be890.html]
[www.gotokeep.com/entries/587f68bd2363ee0850b58e03.html]
[www.gotokeep.com/entries/587ec2acf9da930a8b138f27.html]
[www.gotokeep.com/entries/5862665bf9da9359faaf2c06.html]
[www.gotokeep.com/entries/58622d652363ee1a88c5c8fc.html]
[www.gotokeep.com/entries/5846792ff9da934c2c13be3c.html]
[www.gotokeep.com/entries/5841492f19b6fc390a32d6f4.html]
[www.gotokeep.com/entries/58385274f9da937a95d93e60.html]
[www.gotokeep.com/entries/5825aa812363ee7de88bf3d6.html]
[www.gotokeep.com/entries/57f4e01dbcc25b9813c24e61.html]
[www.gotokeep.com/workouts/57a358883c00ccd552afd71e.html]
[www.gotokeep.com/entries/57f065efc4b4795a1995a44e.html]
[www.gotokeep.com/entries/57df93c234ece44b51279e2a.html]
[www.gotokeep.com/exercises/55cc42d573e1e03083bf7c030251.html]
[www.gotokeep.com/exercises/55cc42e9e062b0f13e4930f10251.html]
[www.gotokeep.com/exercises/56c2975f11fc5071b04c0c6b0251.html]
[www.gotokeep.com/exercises/56c2975f11fc5071b04c0c540251.html]
[www.gotokeep.com/exercises/56c2975f11fc5071b04c0c5f0251.html]
[www.gotokeep.com/exercises/56c2975f11fc5071b04c0c720251.html]
[www.gotokeep.com/exercises/55d198cc8802023d535d50860251.html]
[www.gotokeep.com/exercises/56c2975f11fc5071b04c0c6c0251.html]
[www.gotokeep.com/exercises/56c2975f11fc5071b04c0c710251.html]
[www.gotokeep.com/exercises/56c2975f11fc5071b04c0c580251.html]
[www.gotokeep.com/exercises/55cc42d20f11ec78824999d90251.html]
[www.gotokeep.com/exercises/55cc42d2683b6cd53e79e2c30251.html]
[www.gotokeep.com/entries/58dee5f8d983983862f90301.html]
[www.gotokeep.com/entries/58d7804de1d6d41610810510.html]
[www.gotokeep.com/entries/58b4062e19b6fc027110ee1c.html]
[www.gotokeep.com/entries/58b3843419b6fc0271f755c0.html]
[www.gotokeep.com/entries/58abe0ba2363ee17dafbcbb6.html]
[www.gotokeep.com/entries/58abb84ff9da9377595047b7.html]
[www.gotokeep.com/entries/58a9656398f04a1d1d07b086.html]
[www.gotokeep.com/entries/58a6e52b2363ee77fdbd0e0b.html]
[www.gotokeep.com/entries/588f2df8f9da937a3daaa28d.html]
[www.gotokeep.com/entries/5883c5b019b6fc5dd79a8ea1.html]
[www.gotokeep.com/entries/587e2ae42363ee08507d3c6a.html]
[www.gotokeep.com/workouts/56d415419f0274a548831890.html]
[www.gotokeep.com/entries/586cd5c019b6fc53ff3911ff.html]
[staticssl.keepcdn.com/show/css/maptrack-c4ffb55582.css]
[www.gotokeep.com/maptrack.html]
[staticssl.keepcdn.com/show/css/entry-7efdb11ed4.css]
[www.gotokeep.com/users/5718a9d418cbdb310517d77e.html]
[www.gotokeep.com/users/58ec62c84933032c2a22ca27.html]
[www.gotokeep.com/users/556956990e46bb41599d7a76.html]
[staticssl.keepcdn.com/show/js/maptrack-118d224292.js]
[www.gotokeep.com/users/56697099f646212b05411074.html]
[www.gotokeep.com/users/5620539abf3115cc1fd50766.html]
[www.gotokeep.com/users/56dd57fbb6b3734305b6de5e.html]
[www.gotokeep.com/users/579389180e557e2c05c3a2dd.html]
[www.gotokeep.com/users/582c512e31f1164ac41654d7.html]
[www.gotokeep.com/users/582d0d5831f1164ac419c5e4.html]
[www.gotokeep.com/entries/58eb054ed9839842c5d4409f.html]
[www.gotokeep.com/users/5791729390752fc667724260.html]
[www.gotokeep.com/users/578616602330182b05af0e40.html]
[www.gotokeep.com/users/576f6ca164dff229055c26e3.html]
[www.gotokeep.com/users/575eabf1e0595b2b05a72032.html]
[www.gotokeep.com/users/5636e1a2725bd70ed6154817.html]
[www.gotokeep.com/entries/58eb6bf0e1d6d4019932e904.html]
[www.gotokeep.com/users/57d92713493303343eb00ba6.html]
[www.gotokeep.com/users/58b952a94933032995e2441d.html]
[staticssl.keepcdn.com/show/js/entry-4a6a571502.js]
[www.gotokeep.com/users/561d5e7e88e96739cf33361d.html]
[www.gotokeep.com/users/564200ba1fdb6207d36733b6.html]
[www.gotokeep.com/users/581605dd4933037740a8c76e.html]
[www.gotokeep.com/users/56f543c9a873f21705b05e13.html]
[www.gotokeep.com/users/577f493afb7f274b70d794a5.html]
[www.gotokeep.com/users/58e755ff387e28025d704646.html]
[www.gotokeep.com/entries/58eb7ba0d9839806a39e540e.html]
[www.gotokeep.com/users/5609744c309d885edd5ff207.html]
[www.gotokeep.com/users/56d87a47b74259bf2f983345.html]
[static1.keepcdn.com/picture/2017/04/10/20/f1f4ec029d06cd4bdaf96cc46b18ab778d3b9e6c_1080x810.jpg]
[www.gotokeep.com/users/5640501410440d5e6818d8c7.html]
[www.gotokeep.com/plans/55d2dec8c78101227e9ff944.html]
[www.gotokeep.com/users/587f5f8131f1164e5114b15d.html]
[www.gotokeep.com/users/56f797a62dbbfd456e682a33.html]
[www.gotokeep.com/users/58861a63387e2830394c095c.html]
[www.gotokeep.com/users/559a65a7b43fb99f94b43efe.html]
[www.gotokeep.com/users/578a34d328950b4c05d9ba1d.html]
[www.gotokeep.com/entries/58eb8894d9839806a3a3d18a.html]
[www.gotokeep.com/users/58e4f0d14933030ca6026dcc.html]
[www.gotokeep.com/users/5774827e464ddc9105d846f6.html]
[www.gotokeep.com/plans/5607adec7e823d5d9f5eda63.html]
[www.gotokeep.com/users/55c7699baaaabf651304eb9f.html]
[www.gotokeep.com/users/5641333848034c2ebeceb7d0.html]
[www.gotokeep.com/users/5868568d387e28738c9cc85c.html]
[www.gotokeep.com/entries/58eb8a16f75d3926e292af44.html]
[www.gotokeep.com/users/5804e09f4933036265e76e9d.html]
[www.gotokeep.com/users/581368ee493303774096f6e7.html]
[www.gotokeep.com/entries/58ebc63235c9ae7f0e436246.html]
[www.gotokeep.com/users/57874af33c393e477f71a9ee.html]
[www.gotokeep.com/users/55dfa81121a327bf185482b3.html]
[www.gotokeep.com/users/577924099cf3d439050db475.html]
[www.gotokeep.com/users/579245cdb93dbf4b05f3da24.html]
[www.gotokeep.com/users/56e0383491ea415c348b7ff8.html]
[www.gotokeep.com/users/583d295a31f1163abfd370cd.html]
[www.gotokeep.com/entries/58ec1e6835c9ae7f0e475f52.html]
[www.gotokeep.com/users/58746a87387e2863775218d6.html]
[www.gotokeep.com/users/57b1dc6dccbbdd1d05836013.html]
[www.gotokeep.com/users/55fd6b779f224192006012f2.html]
[www.gotokeep.com/users/568affe1e6b71c1552df0632.html]
[www.gotokeep.com/users/584be7fc387e28075f3d407c.html]
[www.gotokeep.com/users/5784fdd7cd105ae90b47c8fb.html]
[www.gotokeep.com/entries/58ec27c5f75d3926e2a49564.html]
[www.gotokeep.com/users/58cf9e9e387e284de16a5f11.html]
[www.gotokeep.com/users/58e786838c26a362989dcd6c.html]
[static1.keepcdn.com/avatar/2017/04/07/20/936039b1a96b8086dfcf5835fa3a182759bedcf0fad9.jpg]
[static1.keepcdn.com/picture/2017/04/11/13/7cdaacae7cbf0e3c68a077032d269f82f08a451b_520x520.jpg]
[www.gotokeep.com/plans/54f429113419916320da0330.html]
[www.gotokeep.com/users/58d8a1e131f11602632516fc.html]
[www.gotokeep.com/entries/58ec65b1f75d3926e2ac0771.html]
[www.gotokeep.com/users/57a7bc901787d8bb422938f4.html]
[www.gotokeep.com/users/5814431749330377409c4f9d.html]
[static1.keepcdn.com/picture/2017/04/11/13/5ebb3f971359f43f2fb400a9322dbb109b67f5ca5f17.jpg]
[www.gotokeep.com/entries/58ec65a9d9839806a3bdb9c6.html]
[staticssl.keepcdn.com/show/js/common/lib/mapbox-gl-de06d97f1e.js]
[www.gotokeep.com/users/57747029982145ef53caf61b.html]
[static1.keepcdn.com/picture/2017/04/11/13/d694bb426e2a623aa2957bea86d775bfd3dcdec9_750x283ab79.jpg]
[www.gotokeep.com/entries/58ec65a204e15628d387393b.html]
[www.gotokeep.com/users/587251628c26a3725553a40c.html]
[www.gotokeep.com/plans/58a2a41041f170306383b95b.html]
[www.gotokeep.com/workouts/58a0143909a2eeb07bebc561.html]
[www.gotokeep.com/entries/58ec6594e1d6d4019957bad6.html]
[static1.keepcdn.com/picture/2017/04/11/13/09175485ba00fbaeaeb23ff5a9b9b5a04f2a8b3a923d.jpg]
[www.gotokeep.com/users/58ec5fac8c26a302562a8f43.html]
[www.gotokeep.com/entries/58ec65b0f75d3926e2ac0769.html]
[www.gotokeep.com/plans/552b4251bdb3c8a420b4f7a1.html]
[www.gotokeep.com/users/571076ff6acce30617c90e90.html]
[static1.keepcdn.com/picture/2017/04/11/13/0129e708d1a9561e5050b3357a66fcb82b386240_780x780.jpg]
[static1.keepcdn.com/picture/2017/04/11/13/f1e572d0a08161205ea08f579344ce5c3bb362b17447.jpg]
[www.gotokeep.com/entries/58ec6596f75d3926e2ac035c.html]
[www.gotokeep.com/users/58eb6a13387e2826642e12be.html]
[www.gotokeep.com/plans/570cc63e251678ecaca61891.html]
[www.gotokeep.com/entries/58ec65b2e1d6d4019957be9e.html]
[www.gotokeep.com/plans/565bdd6f9c8ade2885c9b976.html]
[www.gotokeep.com/entries/58ec65b1f75d3926e2ac078b.html]
[www.gotokeep.com/users/57874534fd17002f7f96cb3d.html]
[www.gotokeep.com/users/58ea4ca68c26a36298b6e6c8.html]
[static1.keepcdn.com/picture/2017/04/11/13/52383831120ced83ae695674dc0c78d4c8508c8c0a42.jpg]
[www.gotokeep.com/entries/58ec6598d9839806a3bdb708.html]
[www.gotokeep.com/users/5829434c31f1164ac402a0ec.html]
[static1.keepcdn.com/picture/2017/04/11/13/2ae5fda8a4cf34fd99488e75ba1de76dadd3af343a75.jpg]
[www.gotokeep.com/entries/58ec659435c9ae7f0e4fe855.html]
[www.gotokeep.com/users/56bf440d8ef0930f4883bdc5.html]
[static1.keepcdn.com/picture/2017/04/11/13/050a9a2b8a49e9e20e7bcae4629df351bd19147e_780x780.jpg]
[www.gotokeep.com/plans/567cc1f5d1d20e1f26f2a22c.html]
[www.gotokeep.com/entries/58ec65afe1d6d4019957be6a.html]
[www.gotokeep.com/users/57208824748d556e0291cc87.html]
[www.gotokeep.com/users/567b6c71c30d8e3f4884a3fd.html]
[static1.keepcdn.com/picture/2017/04/11/13/74be6fede6d3f2a206935343f633622ee1de672984d6.jpg]
[www.gotokeep.com/entries/58ec65aee1d6d4019957be3f.html]
[www.gotokeep.com/users/58e73db131f116051a470933.html]
[static1.keepcdn.com/picture/2017/04/11/13/cd0b4db4c1a5760fee73f0d824d7c84e6003a4e8_520x520.jpg]
[www.gotokeep.com/entries/58ec65aee1d6d4019957be47.html]
[www.gotokeep.com/plans/5714b997827d5b246e784e88.html]
[www.gotokeep.com/users/56c1f577aa690cb05c2bdae1.html]
[static1.keepcdn.com/picture/2017/04/11/13/8aaeccfc0f029bd7d1a09884ed2a787e1d9acd782400.jpg]
[www.gotokeep.com/entries/58ec6598f75d3926e2ac038c.html]
[www.gotokeep.com/users/5789b4f41dd0c2837fa0e78d.html]
[www.gotokeep.com/plans/57a1c2d815d06cd556b53dc6.html]
[www.gotokeep.com/entries/58ec65aed9839806a3bdba51.html]
[www.gotokeep.com/users/57f46ffc31f1160ba722a8c4.html]
[www.gotokeep.com/plans/573d9c4cb12cdda130257d66.html]
[www.gotokeep.com/entries/58ec65aee1d6d4019957be4b.html]
[www.gotokeep.com/users/581b4f6531f11659e5c07acb.html]
[static1.keepcdn.com/picture/2017/04/11/13/2864ff385bc9c0b5306d0b3116c78def7446cf9c67a4.jpg]
[www.gotokeep.com/entries/58ec65a0d9839806a3bdb852.html]
[www.gotokeep.com/users/58e4762d387e28620f3f486c.html]
[static1.keepcdn.com/picture/2017/04/11/13/76d4b3cf067fd5112b7fb237d86cee66c6b78d7a_800x800.jpg]
[www.gotokeep.com/entries/58ec65b1e1d6d4019957be86.html]
[www.gotokeep.com/users/584821c031f11667e62911f3.html]
[static1.keepcdn.com/picture/2017/04/11/13/72019132f190e7da18b15f8a4a905bfeae78588d_520x520.jpg]
[static1.keepcdn.com/picture/2017/04/11/13/ff691d3a35ed8c19ba4443cffd1649e532c753faee18.jpg]
[www.gotokeep.com/entries/58ec65acf75d3926e2ac06b3.html]
[www.gotokeep.com/users/58c33c8c387e284f8137633a.html]
[static1.keepcdn.com/picture/2017/04/11/13/401c1ac7ddc82baee5e3a5fcf432c803807f4969_520x520.jpg]
[www.gotokeep.com/entries/58ec65b1d9839806a3bdbad4.html]
[staticssl.keepcdn.com/show/css/about-d2f5a04b8d.css]
[www.gotokeep.com/about.html]
[staticssl.keepcdn.com/show/js/about-e58dbe8e5b.js]
[staticssl.keepcdn.com/show/css/join-fcac6c4963.css]
[staticssl.keepcdn.com/show/images/join/image3-689e9c7280.jpg]
[staticssl.keepcdn.com/show/images/join/image4-f549653eff.jpg]
[staticssl.keepcdn.com/show/images/join/image2-73ddb48a42.jpg]
[staticssl.keepcdn.com/show/images/join/image1-14ba6960ed.jpg]
[www.gotokeep.com/join.html]
[www.gotokeep.com/tos.html]
[staticssl.keepcdn.com/show/js/agreement/tos-3d44a598ac.js]
[staticssl.keepcdn.com/show/js/agreement/privacy-8fcc7acba5.js]
[www.gotokeep.com/privacy.html]
[www.gotokeep.com/policy.html]
[staticssl.keepcdn.com/show/css/common/lib/swiper-lite.css]
[staticssl.keepcdn.com/show/images/hashtag/BG@2x-367400e4ed.png]
[staticssl.keepcdn.com/show/js/agreement/policy-f8646eb95b.js]
[staticssl.keepcdn.com/show/css/explore/explore_web-87d9ac9fbb.css]
[www.gotokeep.com/users/58d69a1b8c26a30456769877.html]
[static1.keepcdn.com/avatar/2017/04/07/20/978792f2dbea919626996330e926e2fd7c992a11fad9.jpg]
[static1.keepcdn.com/picture/2017/04/10/11/241e933e1d56325f97f5e69360317847f8ba43f4_1280x720.jpg]
[staticssl.keepcdn.com/show/images/play-btn@2x-589682e433.png]
[staticssl.keepcdn.com/show/images/pause-btn@2x-e782c16b60.png]
[staticssl.keepcdn.com/show/images/loading@2x-7a537ee5dd.png]
[www.gotokeep.com/users/56532ef8bbb9002b05bc04ed.html]
[www.gotokeep.com/users/58a1f191387e283039b2cb5d.html]
[www.gotokeep.com/users/576fe7649b66912a059a8125.html]
[www.gotokeep.com/users/58eb3a94387e2818bf1bdb25.html]
[www.gotokeep.com/users/5651815768fc8defdfef1ec6.html]
[www.gotokeep.com/users/58eb50528c26a3025622344b.html]
[www.gotokeep.com/entries/58eafa8735c9ae392912ef73.html]
[www.gotokeep.com/users/559e79eb7e558a907a33c269.html]
[www.gotokeep.com/users/589af6ab387e283039938cf4.html]
[static1.keepcdn.com/avatar/2017/02/09/12/3e19b2a7b90cdcd873b0ee56d4508f62568653b2fad9.jpg]
[staticssl.keepcdn.com/misc/2017/04/10/17/56d5cfcbc7c00000.png]
[staticssl.keepcdn.com/misc/2017/04/10/17/56d5d0b30ac00000.png]
[staticssl.keepcdn.com/misc/2017/04/10/18/56d5d72c4f400000.png]
[staticssl.keepcdn.com/misc/2017/04/10/18/56d5d4861dc00000.png]
[staticssl.keepcdn.com/misc/2017/04/10/18/56d5d4b85e800000.png]
[staticssl.keepcdn.com/misc/2017/04/10/17/56d5d04e5ac00000.png]
[staticssl.keepcdn.com/misc/2017/04/10/18/56d5d9f399800000.png]
[staticssl.keepcdn.com/misc/2017/04/10/17/56d5d10e5dc00000.png]
[staticssl.keepcdn.com/misc/2017/04/10/17/56d5d014d4800000.png]
[staticssl.keepcdn.com/misc/2017/04/10/17/56d5d07983c00000.png]
[staticssl.keepcdn.com/misc/2017/04/11/11/56d6be6d63800000.png]
[www.gotokeep.com/users/5789f07be437882d05c933af.html]
[www.gotokeep.com/users/56cfc1d0a62df71105936cbd.html]
[www.gotokeep.com/users/58d785e5387e280a0c164e8b.html]
[www.gotokeep.com/users/57e4667331f1162b02893162.html]
[www.gotokeep.com/users/56991a4f6667c8286eba0a4d.html]
[www.gotokeep.com/users/58c2621f4933032acf4066ea.html]
[www.gotokeep.com/users/55cf467a5bc76e6cdb5f6aa8.html]
[www.gotokeep.com/users/58c540f031f1163cb2faa632.html]
[staticssl.keepcdn.com/2017/04/10/21/1491829619453_750x340.jpg]
[www.gotokeep.com/articles/58eb5900e1d6d401992eff15.html]
[www.gotokeep.com/users/54bf30dd9eb5cd2c4c90be46.html]
[staticssl.keepcdn.com/avatar/2016/01/04/15/123ef56eda66391ec83a8a0290fa813bc248c3c8fad9.jpg]
[staticssl.keepcdn.com/misc/2017/04/08/13/56d3021fa7000000.png]
[staticssl.keepcdn.com/misc/2017/04/08/13/56d302703f000000.png]
[staticssl.keepcdn.com/misc/2017/04/08/13/56d2ff2900000000.jpeg]
[staticssl.keepcdn.com/misc/2017/04/08/13/56d2ff2942c00000.jpeg]
[staticssl.keepcdn.com/misc/2017/04/08/13/56d2ff3fcf000000.jpg]
[staticssl.keepcdn.com/misc/2017/04/08/13/56d2ff5198c00000.jpeg]
[staticssl.keepcdn.com/misc/2017/04/08/13/56d2ff6ac6000000.jpeg]
[staticssl.keepcdn.com/misc/2017/04/08/13/56d3014362800000.jpg]
[staticssl.keepcdn.com/misc/2017/04/08/13/56d2ff83d0800000.jpeg]
[www.gotokeep.com/users/585b02a131f11654089fdc36.html]
[www.gotokeep.com/users/58ea0e4e4933037e1cc0c341.html]
[www.gotokeep.com/users/5610737c7ba37f11a3aa0166.html]
[www.gotokeep.com/users/57dd3517493303343ecd9403.html]
[www.gotokeep.com/users/570b2429ddfb1d8737a7fb4b.html]
[www.gotokeep.com/users/57051e4a0087fb14051acd15.html]
[www.gotokeep.com/users/58e506438c26a36cd8ffc5fb.html]
[www.gotokeep.com/users/5773248c523ee1c453e3b070.html]
[www.gotokeep.com/users/563ec6e8b0e29964521cd0e1.html]
[staticssl.keepcdn.com/2017/04/08/20/1491656121112_750x340.jpg]
[www.gotokeep.com/articles/58e99875d9839842c5a1dc9d.html]
[staticssl.keepcdn.com/misc/2017/04/08/11/56d2ea3718000000.jpg]
[staticssl.keepcdn.com/misc/2017/04/06/19/56d0c18e75000000.JPG]
[staticssl.keepcdn.com/misc/2017/04/08/11/56d2eaa7a1000000.JPG]
[staticssl.keepcdn.com/misc/2017/04/06/19/56d0c20ca3000000.JPG]
[staticssl.keepcdn.com/misc/2017/04/08/11/56d2eade1a400000.JPG]
[staticssl.keepcdn.com/misc/2017/04/06/19/56d0c23779400000.JPG]
[staticssl.keepcdn.com/misc/2017/04/06/19/56d0c24a45800000.JPG]
[staticssl.keepcdn.com/misc/2017/04/06/19/56d0c261d1c00000.JPG]
[staticssl.keepcdn.com/misc/2017/04/06/19/56d0c2791cc00000.JPG]
[staticssl.keepcdn.com/misc/2017/04/06/19/56d0c2994ec00000.JPG]
[staticssl.keepcdn.com/misc/2017/04/08/12/56d2eef988c00000.jpg]
[www.gotokeep.com/users/55b213be7102482f33e4e914.html]
[www.gotokeep.com/users/58b2f0ba4933033ef703afcf.html]
[www.gotokeep.com/users/564de3b005465bd40d353960.html]
[www.gotokeep.com/users/56e0161cdbcc750d058cef3d.html]
[www.gotokeep.com/users/58494c6331f11667e62f08ed.html]
[www.gotokeep.com/users/56ca479ccc19b6e0491bc7c9.html]
[www.gotokeep.com/articles/58e863b4f75d3948ab212e93.html]
[staticssl.keepcdn.com/2017/04/08/11/1491622623660_750x340.jpg]
[www.gotokeep.com/users/584787bb4933034ba591fe6f.html]
[static1.keepcdn.com/avatar/2016/12/29/15/1332c5715addda5d9c62e5952662354bb76f4a34fad9.png]
[staticssl.keepcdn.com/misc/2017/04/06/15/56d08e97b8c00000.png]
[staticssl.keepcdn.com/misc/2017/04/06/15/56d08eb32bc00000.png]
[staticssl.keepcdn.com/misc/2017/04/06/15/56d08f1feb800000.png]
[staticssl.keepcdn.com/misc/2017/04/06/15/56d08ebf12000000.png]
[staticssl.keepcdn.com/misc/2017/04/06/15/56d08fc5fb400000.png]
[www.gotokeep.com/users/58e3a0328c26a34627384c0f.html]
[www.gotokeep.com/users/567c03cfb0a6d34a647f1063.html]
[www.gotokeep.com/users/579daf85efb7d20606ea35e6.html]
[www.gotokeep.com/users/58cf4fd74933033dedc52d55.html]
[www.gotokeep.com/users/55ea6ad4d65169d43c67dcbe.html]
[www.gotokeep.com/users/55da9a9aa50b82531459c918.html]
[www.gotokeep.com/users/585101c18c26a307151ce201.html]
[www.gotokeep.com/users/57372ff292cd052405acd823.html]
[www.gotokeep.com/users/5711e29623da8bd623d66c18.html]
[www.gotokeep.com/users/576ea0fc86f9a744057259e1.html]
[www.gotokeep.com/users/56c1bb26d6d31fab5c6acd22.html]
[staticssl.keepcdn.com/2017/04/06/21/1491484376132_750x340.jpg]
[www.gotokeep.com/articles/58e5f38cf75d39028c802d7d.html]
[www.gotokeep.com/users/57b8e2095cea24140204c380.html]
[staticssl.keepcdn.com/avatar/2016/08/21/07/ed0598ebf3b1e7a8ac8b0e8467e22b852212b5f3fad9.jpg]
[static1.keepcdn.com/picture/2017/04/11/09/129bc31fedd98d79262b72a7b0413870ddf6e31f_800x800.jpg]
[www.gotokeep.com/users/57998b813e241b3905c639f7.html]
[www.gotokeep.com/users/58dfbd94387e28620f2ea6fc.html]
[www.gotokeep.com/users/58d8856b31f1160263249f90.html]
[www.gotokeep.com/entries/58ec345804e15628d3811be8.html]
[www.gotokeep.com/users/578641ef0cf2e83c057af920.html]
[www.gotokeep.com/users/5722757e316235815ae3cc6a.html]
[static1.keepcdn.com/avatar/2017/03/22/22/1f9bf831a43daa6ed53bf3da67d7bae1c9a9c19ffad9.jpg]
[static1.keepcdn.com/picture/2017/04/10/19/07038064bcb5399e361f5a861e5c7b80354aa3fb_2000x1500.jpg]
[www.gotokeep.com/users/579b215a18f6f01c05ee58c1.html]
[www.gotokeep.com/users/55c2add40e2da43494bdcc11.html]
[www.gotokeep.com/users/574c3012a1949f39051efc41.html]
[www.gotokeep.com/users/5625f893d0c45b36d34e24c8.html]
[www.gotokeep.com/users/56891b23da89d8e467210bef.html]
[www.gotokeep.com/entries/58ec37cee1d6d4019952042a.html]
[www.gotokeep.com/users/56a0c2377883b51805093962.html]
[www.gotokeep.com/users/5885bc444933037545d04671.html]
[static1.keepcdn.com/avatar/2017/04/07/13/119206ad36083c98379ce65b8d007c553392dfc0fad9.jpg]
[static1.keepcdn.com/picture/2017/04/11/09/02172bd54b1ddd2f811fc85ef46d6faf1fdf4684_749x749.jpg]
[www.gotokeep.com/users/589524b231f11619758fdb7a.html]
[www.gotokeep.com/users/57a6f3bc9c0ccf3a0569a488.html]
[www.gotokeep.com/users/58b61bd08c26a34cbcbbe62f.html]
[www.gotokeep.com/users/581a033f31f1160852068526.html]
[www.gotokeep.com/users/577a405e6965743505e8d679.html]
[www.gotokeep.com/entries/58ec3855e1d6d401995211ce.html]
[www.gotokeep.com/users/57c9aeab31f11605c5f23102.html]
[static1.keepcdn.com/avatar/2017/03/21/22/4cb43c67b797d2a4bfc3790b402bb2d1d0759fc9fad9.jpg]
[static1.keepcdn.com/picture/2017/04/11/08/eff6a50e21e6a6480a3656854d26083a5f3dde1b_1242x930.jpg]
[www.gotokeep.com/plans/551b92a3ed487d8f2b6175d2.html]
[www.gotokeep.com/users/56b5fea56dce58236193dee8.html]
[www.gotokeep.com/users/56e3f165174a9035054c952b.html]
[www.gotokeep.com/entries/58ec3ae1f75d3926e2a69e31.html]
[www.gotokeep.com/users/579307de8f4e5e47050894c6.html]
[static1.keepcdn.com/avatar/2017/01/17/21/90fa5424e0811ef7151cf1c2fdf4172e5321cd69fad9.png]
[static1.keepcdn.com/picture/2017/04/11/10/7ca833353e9df34322fa687f273f0746499db8b6_1054x800.jpg]
[www.gotokeep.com/users/56c804d9e5d270ce2a2474ac.html]
[www.gotokeep.com/users/55caeb261024777931359ea7.html]
[www.gotokeep.com/users/58d2432f387e280a0cfb0243.html]
[www.gotokeep.com/users/58cba02f31f1164d5470eb29.html]
[www.gotokeep.com/users/564888b7d6c1e6f2a102fad0.html]
[www.gotokeep.com/entries/58ec3de635c9ae7f0e4add99.html]
[www.gotokeep.com/users/57ced80431f116158335c656.html]
[www.gotokeep.com/users/57454a8a188023216352ccf8.html]
[static1.keepcdn.com/avatar/2016/08/11/06/785a0e9fa12eb81667a65ab4a9010eb58662e9c4fad9.png]
[static1.keepcdn.com/picture/2017/04/11/11/237c65cdf9c25c2bc61ecfacab3e00448957633d_800x800.jpg]
[www.gotokeep.com/users/56a80b64f786d3b842d676aa.html]
[www.gotokeep.com/users/58beb34f8c26a343837d1d48.html]
[www.gotokeep.com/users/57d4429e31f1162b02fbe9fb.html]
[www.gotokeep.com/users/557526d7b4393b2abf66aa65.html]
[www.gotokeep.com/entries/58ec53a004e15628d38488b1.html]
[staticssl.keepcdn.com/show/css/training/training-4ab9396c28.css]
[staticssl.keepcdn.com/show/css/training/courses-d83a58e626.css]
[www.gotokeep.com/plans/58c9009e165acfeb4dbb3bfd.html]
[www.gotokeep.com/plans/58c90134165acfeb4dbb3bfe.html]
[www.gotokeep.com/plans/54afbef416a510a82194e257.html]
[www.gotokeep.com/plans/55dabcdaf27cfd351f773d6e.html]
[www.gotokeep.com/plans/55dac08625900b3e1f53fe46.html]
[www.gotokeep.com/plans/57c260a867543af50447f07d.html]
[www.gotokeep.com/plans/5821b4e6b708d4d612649db3.html]
[www.gotokeep.com/workouthashtags/5833bd46424de3aa33fa27c1.html]
[www.gotokeep.com/plans/56ea713ca4ba696c7fdaefc3.html]
[staticssl.keepcdn.com/show/js/training/courses-dcbc406dce.js]
[www.gotokeep.com/plans/573d96fc8ddf62312d76304c.html]
[www.gotokeep.com/plans/54afac39e06249cb13904c1e.html]
[www.gotokeep.com/workouthashtags/58cb5a80e4220d2e242d5caf.html]
[www.gotokeep.com/plans/586df67e3154ec1473bc0dba.html]
[www.gotokeep.com/workouthashtags/5684d89d8942be144e745231.html]
[www.gotokeep.com/plans/56cc121bb3c8ffb12986f5e0.html]
[www.gotokeep.com/plans/565bfb0f2f5f272b8a7880eb.html]
[www.gotokeep.com/plans/58da2194d92a832957df33a4.html]
[www.gotokeep.com/plans/58db21c1aa3dcdf10b0ee9ee.html]
[www.gotokeep.com/workouthashtags/58de7af75c08762315299ff2.html]
[www.gotokeep.com/plans/58db2267aa3dcdf10b0ee9f0.html]
[www.gotokeep.com/plans/561e387ecb8121aec0971783.html]
[www.gotokeep.com/plans/5875d7fc64a9620a70d583fb.html]
[www.gotokeep.com/plans/57283b1b46960354ba1b6911.html]
[www.gotokeep.com/plans/5604c8b3331e338262f3d36b.html]
[www.gotokeep.com/plans/5603ebfa331e338262f3d35d.html]
[www.gotokeep.com/plans/564b15b55c31b0b296788d02.html]
[www.gotokeep.com/plans/563b33a9bab30bf333565dc5.html]
[www.gotokeep.com/plans/54afbe6a16a510a82194e24f.html]
[www.gotokeep.com/plans/54afa3df35fb7f5912e3c6e7.html]
[www.gotokeep.com/plans/5875d8ba64a9620a70d584a1.html]
[www.gotokeep.com/workouthashtags/5684dfab8942be144e745234.html]
[www.gotokeep.com/plans/5875d95164a9620a70d584a2.html]
[www.gotokeep.com/plans/55e036226437cbe4f87c399d.html]
[www.gotokeep.com/plans/54afa6b935fb7f5912e3c701.html]
[www.gotokeep.com/workouthashtags/5684e01a8942be144e745235.html]
[www.gotokeep.com/plans/560ba9f61421f681019395f5.html]
[www.gotokeep.com/plans/5665427e2ec039526a4ab418.html]
[www.gotokeep.com/workouthashtags/58c0cbf38fe1f8f10b7806d1.html]
[www.gotokeep.com/plans/58a2a32641f170306383b95a.html]
[www.gotokeep.com/plans/58608dda5ab99b025fa6ffd9.html]
[www.gotokeep.com/plans/58608fdb5ab99b025fa70026.html]
[www.gotokeep.com/plans/586090685ab99b025fa70045.html]
[www.gotokeep.com/plans/57f9eef38164df83758f3ddb.html]
[www.gotokeep.com/plans/57f9f8b18164df83758f3e11.html]
[www.gotokeep.com/plans/57f9e9ef8164df83758f3dae.html]
[www.gotokeep.com/plans/57466bae42fbb4e11b822d6e.html]
[www.gotokeep.com/plans/57466d7342fbb4e11b822d7d.html]
[www.gotokeep.com/workouthashtags/5756909c427077794c1bfde8.html]
[www.gotokeep.com/plans/57466cc342fbb4e11b822d79.html]
[www.gotokeep.com/plans/58affb5a4d123d21035a509e.html]
[www.gotokeep.com/workouthashtags/58be13d2837258bc1a58800b.html]
[www.gotokeep.com/plans/58b007004d123d21035a50c4.html]
[www.gotokeep.com/plans/58be8b3b08c89ec56417415c.html]
[www.gotokeep.com/plans/574ec490a65b046c1bfe6571.html]
[www.gotokeep.com/plans/574ee882a65b046c1bfe6667.html]
[www.gotokeep.com/plans/57a3543e3c00ccd552afd63f.html]
[www.gotokeep.com/workouthashtags/575e78608d892b6a7356bf2d.html]
[www.gotokeep.com/plans/57a358883c00ccd552afd71e.html]
[www.gotokeep.com/plans/58a68dcd6506c1cd2a9a329f.html]
[www.gotokeep.com/plans/58a673fe04f744913f48c8d1.html]
[www.gotokeep.com/workouthashtags/58b3a7564d123d21035a559f.html]
[www.gotokeep.com/plans/54afac5de06249cb13904c29.html]
[www.gotokeep.com/plans/55e2ba1303037f4ef8085aa7.html]
[www.gotokeep.com/plans/55e3022deb2ce0ccf866d291.html]
[www.gotokeep.com/plans/54af9eea35fb7f5912e3c6bd.html]
[www.gotokeep.com/plans/54afac01e06249cb13904c17.html]
[www.gotokeep.com/plans/5704aafd9ed3cfeafb557bf9.html]
[www.gotokeep.com/plans/54af894d5c5f72d2058c5d85.html]
[www.gotokeep.com/plans/56d415419f0274a548831890.html]
[www.gotokeep.com/plans/55d2c17b70ca0cae6906239d.html]
[www.gotokeep.com/plans/55e5739c88d3525942226cfe.html]
[www.gotokeep.com/plans/55e3197951a7a05af865a019.html]
[www.gotokeep.com/plans/56c2f6f999ca8d1f0603ab0d.html]
[www.gotokeep.com/workouthashtags/5682551dd1d20e1f26f2a7ed.html]
[www.gotokeep.com/plans/5704cc6194719391cf6cb4f7.html]
[www.gotokeep.com/plans/56cc466a8c0a0d4eb6ec5727.html]
[www.gotokeep.com/plans/570cdc40f80299d3b28ef315.html]
[www.gotokeep.com/plans/56cd1ec5a2fa790037a30e9a.html]
[www.gotokeep.com/workouthashtags/56825592922d204caab2061f.html]
[www.gotokeep.com/plans/54afa87035fb7f5912e3c70c.html]
[www.gotokeep.com/plans/54afa35c35fb7f5912e3c6de.html]
[www.gotokeep.com/plans/561dfd0ecb8121aec097176a.html]
[www.gotokeep.com/plans/5768f8f49b9545d310d19319.html]
[www.gotokeep.com/plans/57679bfa53b1ea1a6e575084.html]
[www.gotokeep.com/plans/54afad45e06249cb13904c32.html]
[www.gotokeep.com/plans/54afce936ea147992563825d.html]
[www.gotokeep.com/plans/562753879c855920fee0cf64.html]
[www.gotokeep.com/plans/54b34ea31d6602152dc99c26.html]
[www.gotokeep.com/workouthashtags/5833bda5424de3aa33fa27c4.html]
[www.gotokeep.com/plans/56f3c693e0ca4450842fed46.html]
[www.gotokeep.com/plans/5721b7fcac4dbc5586c0ba8c.html]
[www.gotokeep.com/plans/54afa52d35fb7f5912e3c6f9.html]
[www.gotokeep.com/plans/57e3a8a509a2d8a73b79089a.html]
[www.gotokeep.com/plans/55e3ddaaeb2ce0ccf866f241.html]
[www.gotokeep.com/plans/57e3b04609a2d8a73b7908df.html]
[www.gotokeep.com/workouthashtags/5684df9577e9f961b96d92b3.html]
[www.gotokeep.com/plans/55d2e1398f49d6b080897ae1.html]
[www.gotokeep.com/plans/55d2e472cb23bbdb81bafbf6.html]
[www.gotokeep.com/plans/564025a15372f4dfc94dd36e.html]
[www.gotokeep.com/plans/57a1a1fa15d06cd556b53cb5.html]
[www.gotokeep.com/plans/57a19e1f15d06cd556b53c63.html]
[www.gotokeep.com/workouthashtags/5684e07e8942be144e745236.html]
[www.gotokeep.com/plans/5615119ff249f870d78d996b.html]
[www.gotokeep.com/plans/586df6183154ec1473bc0db9.html]
[www.gotokeep.com/plans/5719d432215b2c1de92cb270.html]
[www.gotokeep.com/plans/5652fae4077a1bb1c95cf483.html]
[www.gotokeep.com/plans/54afa9be35fb7f5912e3c711.html]
[www.gotokeep.com/plans/560ba1a21421f681019395e0.html]
[www.gotokeep.com/plans/5652fa97356a9a2d311b0f62.html]
[www.gotokeep.com/plans/54afaa8935fb7f5912e3c717.html]
[www.gotokeep.com/plans/54afa2c635fb7f5912e3c6d8.html]
[www.gotokeep.com/plans/54afa4b535fb7f5912e3c6f2.html]
[www.gotokeep.com/plans/56fdf503dbcccf29df5f3877.html]
[www.gotokeep.com/workouthashtags/5684e14377e9f961b96d935f.html]
[www.gotokeep.com/plans/54b370c70988a2cc08755ebe.html]
[www.gotokeep.com/plans/54afab8ee06249cb13904c0f.html]
[www.gotokeep.com/plans/54afab18e06249cb13904c08.html]
[www.gotokeep.com/workouthashtags/5684e0c98942be144e745237.html]
[www.gotokeep.com/plans/573aa2e37dad26e77f070a12.html]
[www.gotokeep.com/plans/573ad4af7dad26e77f070a7e.html]
[www.gotokeep.com/plans/567d1d6f922d204caab200ce.html]
[www.gotokeep.com/plans/567d18d3d1d20e1f26f2a2ac.html]
[www.gotokeep.com/plans/55f147f0fa8bef8b158c31bf.html]
[www.gotokeep.com/plans/57c25a9c7f350ba51d8f0fc0.html]
[www.gotokeep.com/plans/57c269670ee41fd30618db05.html]
[www.gotokeep.com/workouthashtags/5684d99b8942be144e745232.html]
[www.gotokeep.com/plans/573ace3b7dad26e77f070a6b.html]
[www.gotokeep.com/all_courses/index.html]
[www.gotokeep.com/plans/58e50744d3681c1260af6fe7.html]
[staticssl.keepcdn.com/show/css/training/trainingpoint-ffe30c0162.css]
[www.gotokeep.com/exercises/564b0b02a9f7e955480ff0070251.html]
[www.gotokeep.com/exercises/564b0b02a9f7e955480ff00c0251.html]
[www.gotokeep.com/exercises/564b0b02a9f7e955480ff0130251.html]
[www.gotokeep.com/exercises/56f3b35c11fc502da240d2bc0251.html]
[www.gotokeep.com/exercises/56f3b35c11fc502da240d2be0251.html]
[www.gotokeep.com/exercises/56f3b35c11fc502da240d2c60251.html]
[www.gotokeep.com/exercises/56f3b35c11fc502da240d2c70251.html]
[www.gotokeep.com/exercises/56fe2e4a11fc50672f0216b60251.html]
[www.gotokeep.com/exercises/574ec00e11fc5042c9195b780251.html]
[www.gotokeep.com/exercises/5763d3b011fc5077c3acf5500251.html]
[www.gotokeep.com/exercises/5763d3b011fc5077c3acf5580251.html]
[www.gotokeep.com/exercises/5763d3b011fc5077c3acf5590251.html]
[www.gotokeep.com/exercises/5763d3b011fc5077c3acf5620251.html]
[www.gotokeep.com/exercises/5763d3b011fc5077c3acf5650251.html]
[www.gotokeep.com/exercises/5763d3b011fc5077c3acf56a0251.html]
[www.gotokeep.com/exercises/5763d3b011fc5077c3acf5730251.html]
[www.gotokeep.com/exercises/5763d3b011fc5077c3acf5860251.html]
[www.gotokeep.com/exercises/5763d3b011fc5077c3acf58b0251.html]
[www.gotokeep.com/exercises/5763d3b011fc5077c3acf58c0251.html]
[www.gotokeep.com/exercises/5763d3b011fc5077c3acf59a0251.html]
[www.gotokeep.com/trainingpoint/54826e417fb786000069ad82fb58.html]
[www.gotokeep.com/exercises/564b0b02a9f7e955480feffe0251.html]
[staticssl.keepcdn.com/show/js/training/trainingpoint-88feda9c44.js]
[www.gotokeep.com/exercises/564b0b02a9f7e955480ff0000251.html]
[www.gotokeep.com/exercises/564b0b02a9f7e955480ff0010251.html]
[www.gotokeep.com/exercises/564b0b02a9f7e955480ff0020251.html]
[www.gotokeep.com/exercises/564b0b02a9f7e955480ff0040251.html]
[www.gotokeep.com/exercises/56c2975f11fc5071b04c0c610251.html]
[www.gotokeep.com/exercises/56f3b35c11fc502da240d2bf0251.html]
[www.gotokeep.com/exercises/564b0b02a9f7e955480ff0120251.html]
[www.gotokeep.com/exercises/56f3b35c11fc502da240d2ca0251.html]
[www.gotokeep.com/exercises/56f3b35c11fc502da240d2cb0251.html]
[www.gotokeep.com/exercises/56fe2e4a11fc50672f0216a60251.html]
[www.gotokeep.com/exercises/5763d3b011fc5077c3acf5520251.html]
[www.gotokeep.com/exercises/5763d3b011fc5077c3acf5540251.html]
[www.gotokeep.com/exercises/5763d3b011fc5077c3acf5570251.html]
[www.gotokeep.com/exercises/5763d3b011fc5077c3acf5610251.html]
[www.gotokeep.com/exercises/5763d3b011fc5077c3acf5640251.html]
[www.gotokeep.com/exercises/5763d3b011fc5077c3acf56f0251.html]
[www.gotokeep.com/exercises/5763d3b011fc5077c3acf5760251.html]
[www.gotokeep.com/exercises/5763d3b011fc5077c3acf5770251.html]
[www.gotokeep.com/trainingpoint/54826e417fb786000069ad848497.html]
[www.gotokeep.com/exercises/5763d3b011fc5077c3acf5780251.html]
[www.gotokeep.com/exercises/56f3b35c11fc502da240d2c20251.html]
[www.gotokeep.com/exercises/56fe2e4a11fc50672f0216b30251.html]
[www.gotokeep.com/trainingpoint/54826e417fb786000069ad83eca6.html]
[www.gotokeep.com/exercises/56fe2e4a11fc50672f0216b40251.html]
[www.gotokeep.com/exercises/564b0b02a9f7e955480ff0080251.html]
[www.gotokeep.com/exercises/565d7155ac189272c60a03e90251.html]
[www.gotokeep.com/exercises/56f3b35c11fc502da240d2c00251.html]
[www.gotokeep.com/exercises/56f3b35c11fc502da240d2c30251.html]
[www.gotokeep.com/exercises/56f3b35c11fc502da240d2c40251.html]
[www.gotokeep.com/exercises/56f3b35c11fc502da240d2c80251.html]
[www.gotokeep.com/exercises/56f3b35c11fc502da240d2c90251.html]
[www.gotokeep.com/exercises/5763d3b011fc5077c3acf5530251.html]
[www.gotokeep.com/exercises/5763d3b011fc5077c3acf55d0251.html]
[www.gotokeep.com/exercises/5763d3b011fc5077c3acf5630251.html]
[www.gotokeep.com/exercises/5763d3b011fc5077c3acf5680251.html]
[www.gotokeep.com/exercises/5763d3b011fc5077c3acf5690251.html]
[www.gotokeep.com/exercises/5763d3b011fc5077c3acf56b0251.html]
[www.gotokeep.com/exercises/5763d3b011fc5077c3acf56d0251.html]
[www.gotokeep.com/exercises/5763d3b011fc5077c3acf5720251.html]
[www.gotokeep.com/trainingpoint/54826e417fb786000069ad88b30c.html]
[www.gotokeep.com/exercises/5763d3b011fc5077c3acf57b0251.html]
[www.gotokeep.com/exercises/57a074f011fc505d4e15a6e80251.html]
[www.gotokeep.com/exercises/57a074f011fc505d4e15a6f40251.html]
[www.gotokeep.com/exercises/54af5ef25c5f72d2058c5c630251.html]
[www.gotokeep.com/exercises/55cc42d24a334c5f820adca70251.html]
[www.gotokeep.com/exercises/56038745331e338262f3d2cb0251.html]
[www.gotokeep.com/exercises/56038745331e338262f3d31b0251.html]
[www.gotokeep.com/exercises/56038745331e338262f3d31d0251.html]
[www.gotokeep.com/exercises/56038745331e338262f3d32a0251.html]
[www.gotokeep.com/exercises/56038745331e338262f3d3300251.html]
[www.gotokeep.com/exercises/56038745331e338262f3d3330251.html]
[www.gotokeep.com/exercises/56038745331e338262f3d3530251.html]
[www.gotokeep.com/exercises/57a074f011fc505d4e15a7030251.html]
[www.gotokeep.com/exercises/57a074f011fc505d4e15a70a0251.html]
[www.gotokeep.com/exercises/57ce5e7b96b63f36193a64200251.html]
[www.gotokeep.com/exercises/57ce5e8096b63f36193a642f0251.html]
[www.gotokeep.com/exercises/57ce5e8496b63f36193a64430251.html]
[www.gotokeep.com/exercises/57e34a8209a2d8a73b7906910251.html]
[www.gotokeep.com/exercises/57e34a8809a2d8a73b7906a00251.html]
[www.gotokeep.com/exercises/57e34a8d09a2d8a73b7906aa0251.html]
[www.gotokeep.com/trainingpoint/55cb1b72bfbf17f934371eba3eda.html]
[www.gotokeep.com/exercises/57e34aa909a2d8a73b7906ed0251.html]
[www.gotokeep.com/exercises/564b0b02a9f7e955480ff0090251.html]
[www.gotokeep.com/exercises/564b0b02a9f7e955480ff00a0251.html]
[www.gotokeep.com/exercises/56c2975f11fc5071b04c0c560251.html]
[www.gotokeep.com/exercises/56c2975f11fc5071b04c0c570251.html]
[www.gotokeep.com/exercises/56c2975f11fc5071b04c0c5a0251.html]
[www.gotokeep.com/exercises/56c2975f11fc5071b04c0c5c0251.html]
[www.gotokeep.com/exercises/56c2975f11fc5071b04c0c5d0251.html]
[www.gotokeep.com/exercises/56c2975f11fc5071b04c0c5e0251.html]
[www.gotokeep.com/exercises/56c2975f11fc5071b04c0c630251.html]
[www.gotokeep.com/exercises/56c2975f11fc5071b04c0c660251.html]
[www.gotokeep.com/exercises/56c2975f11fc5071b04c0c6a0251.html]
[www.gotokeep.com/exercises/56c2975f11fc5071b04c0c6e0251.html]
[www.gotokeep.com/exercises/56c2975f11fc5071b04c0c6f0251.html]
[www.gotokeep.com/exercises/56c2975f11fc5071b04c0c700251.html]
[www.gotokeep.com/exercises/56c2975f11fc5071b04c0c740251.html]
[www.gotokeep.com/exercises/56c2dbae8b85a45ea061b2b90251.html]
[www.gotokeep.com/exercises/56fe2e4a11fc50672f0216a10251.html]
[www.gotokeep.com/trainingpoint/54826e417fb786000069ad860c04.html]
[www.gotokeep.com/exercises/56fe2e4a11fc50672f0216ac0251.html]
[www.gotokeep.com/exercises/564b0b02a9f7e955480fefff0251.html]
[www.gotokeep.com/exercises/564b0b02a9f7e955480ff00d0251.html]
[www.gotokeep.com/exercises/56c2975f11fc5071b04c0c600251.html]
[www.gotokeep.com/exercises/56f3b35c11fc502da240d2c10251.html]
[www.gotokeep.com/exercises/56fe2e4a11fc50672f0216ae0251.html]
[www.gotokeep.com/exercises/574ec00e11fc5042c9195b770251.html]
[www.gotokeep.com/exercises/574ec00e11fc5042c9195b940251.html]
[www.gotokeep.com/exercises/5763d3b011fc5077c3acf55e0251.html]
[www.gotokeep.com/exercises/5763d3b011fc5077c3acf5750251.html]
[www.gotokeep.com/exercises/5763d3b011fc5077c3acf5b10251.html]
[www.gotokeep.com/exercises/57a074f011fc505d4e15a6e40251.html]
[www.gotokeep.com/exercises/57a074f011fc505d4e15a6e70251.html]
[www.gotokeep.com/exercises/57a074f011fc505d4e15a6ea0251.html]
[www.gotokeep.com/exercises/57a074f011fc505d4e15a6f00251.html]
[www.gotokeep.com/exercises/57a074f011fc505d4e15a6f70251.html]
[www.gotokeep.com/exercises/55cc42ce73e1e03083bf7bff0251.html]
[www.gotokeep.com/trainingpoint/55cb1ca06fe674f94036d581e648.html]
[www.gotokeep.com/exercises/55cc42cf526b3ad73c16c5b50251.html]
[www.gotokeep.com/exercises/564b0b02a9f7e955480feffd0251.html]
[www.gotokeep.com/exercises/564b0b02a9f7e955480ff0030251.html]
[www.gotokeep.com/exercises/564b0b02a9f7e955480ff0050251.html]
[www.gotokeep.com/exercises/564b0b02a9f7e955480ff00e0251.html]
[www.gotokeep.com/exercises/564b0b02a9f7e955480ff00f0251.html]
[www.gotokeep.com/exercises/564b0b02a9f7e955480ff0100251.html]
[www.gotokeep.com/exercises/564b0b02a9f7e955480ff0110251.html]
[www.gotokeep.com/exercises/5677b2934f1ca91bf918bbc30251.html]
[www.gotokeep.com/exercises/5677b6f24f1ca91bf918bbd10251.html]
[www.gotokeep.com/exercises/5677b88d1b31146942674ee50251.html]
[www.gotokeep.com/exercises/56c2975f11fc5071b04c0c520251.html]
[www.gotokeep.com/exercises/56c2975f11fc5071b04c0c620251.html]
[www.gotokeep.com/exercises/56c2975f11fc5071b04c0c640251.html]
[www.gotokeep.com/exercises/56c2975f11fc5071b04c0c670251.html]
[www.gotokeep.com/exercises/56f3b35c11fc502da240d2bd0251.html]
[www.gotokeep.com/exercises/56fe2e4a11fc50672f0216a80251.html]
[www.gotokeep.com/trainingpoint/54826e417fb786000069ad870ab1.html]
[www.gotokeep.com/exercises/56fe2e4a11fc50672f0216aa0251.html]
[www.gotokeep.com/exercises/564b0b02a9f7e955480ff0060251.html]
[www.gotokeep.com/exercises/56c2975f11fc5071b04c0c510251.html]
[www.gotokeep.com/exercises/56f3b35c11fc502da240d2c50251.html]
[www.gotokeep.com/exercises/56fe2e4a11fc50672f02169a0251.html]
[www.gotokeep.com/exercises/56fe2e4a11fc50672f02169c0251.html]
[www.gotokeep.com/trainingpoint/54826e417fb786000069ad853fae.html]
[www.gotokeep.com/exercises/56fe2e4a11fc50672f02169e0251.html]
[www.gotokeep.com/exercises/564b0b02a9f7e955480ff00b0251.html]
[www.gotokeep.com/exercises/5676538d1b31146942674df70251.html]
[www.gotokeep.com/exercises/567780751b31146942674e720251.html]
[www.gotokeep.com/exercises/5677a4f74f1ca91bf918bba50251.html]
[www.gotokeep.com/exercises/5677ac974f1ca91bf918bbb80251.html]
[www.gotokeep.com/exercises/56c2975f11fc5071b04c0c530251.html]
[www.gotokeep.com/exercises/56c2975f11fc5071b04c0c550251.html]
[www.gotokeep.com/exercises/56c2975f11fc5071b04c0c590251.html]
[www.gotokeep.com/exercises/56c2975f11fc5071b04c0c690251.html]
[www.gotokeep.com/exercises/56c2975f11fc5071b04c0c6d0251.html]
[www.gotokeep.com/exercises/56c2975f11fc5071b04c0c730251.html]
[www.gotokeep.com/exercises/56c2975f11fc5071b04c0c750251.html]
[www.gotokeep.com/exercises/56c2975f11fc5071b04c0c760251.html]
[www.gotokeep.com/trainingpoint/54826e417fb786000069ad812094.html]
[staticssl.keepcdn.com/show/css/training/workout-a911e7960d.css]
[www.gotokeep.com/exercises/56fe2e4a11fc50672f02169b0251.html]
[staticssl.keepcdn.com/show/css/training/exercise-a7fb4f1309.css]
[staticssl.keepcdn.com/picture/2016/6/1/A001C014_1.jpg]
[www.gotokeep.com/exercises/574ec00e11fc5042c9195b8f0251.html]
[staticssl.keepcdn.com/show/js/training/exercise-65d1b6b8a0.js]
[staticssl.keepcdn.com/picture/2016/6/1/A001C014r_1.jpg]
[www.gotokeep.com/exercises/574ec00e11fc5042c9195b8b0251.html]
[staticssl.keepcdn.com/picture/2016/6/1/A001C029_1.jpg]
[www.gotokeep.com/exercises/574ec00e11fc5042c9195b840251.html]
[staticssl.keepcdn.com/picture/2016/6/1/A001C029_2.jpg]
[staticssl.keepcdn.com/picture/2016/6/1/A001C030_1.jpg]
[staticssl.keepcdn.com/picture/2016/6/1/A001C030_2.jpg]
[www.gotokeep.com/exercises/574ec00e11fc5042c9195b920251.html]
[staticssl.keepcdn.com/picture/2016/6/1/A001C031_1.jpg]
[www.gotokeep.com/exercises/574ec00e11fc5042c9195b890251.html]
[staticssl.keepcdn.com/picture/2016/6/1/A001C032_1.jpg]
[staticssl.keepcdn.com/picture/2016/6/1/A001C032_2.jpg]
[www.gotokeep.com/exercises/574ec00e11fc5042c9195b980251.html]
[staticssl.keepcdn.com/picture/2016/6/1/A001C033_1.jpg]
[staticssl.keepcdn.com/picture/2016/6/1/A001C033_2.jpg]
[www.gotokeep.com/exercises/574ec00e11fc5042c9195b860251.html]
[staticssl.keepcdn.com/picture/2016/6/1/A001C034_1.jpg]
[www.gotokeep.com/exercises/574ec00e11fc5042c9195b7a0251.html]
[staticssl.keepcdn.com/picture/2016/6/1/A001C034_2.jpg]
[staticssl.keepcdn.com/picture/2016/6/1/A001C035_1.jpg]
[www.gotokeep.com/exercises/574ec00e11fc5042c9195b900251.html]
[staticssl.keepcdn.com/picture/2016/6/1/A001C035_2.jpg]
[staticssl.keepcdn.com/picture/2016/6/1/A002C001_1.jpg]
[staticssl.keepcdn.com/picture/2016/6/1/A002C001_2.jpg]
[www.gotokeep.com/exercises/574ec00e11fc5042c9195b8e0251.html]
[staticssl.keepcdn.com/picture/2016/6/1/A002C001_3.jpg]
[staticssl.keepcdn.com/picture/2016/6/1/A002C002_1.jpg]
[staticssl.keepcdn.com/picture/2016/6/1/A002C002_2.jpg]
[www.gotokeep.com/exercises/574ec00e11fc5042c9195b8d0251.html]
[staticssl.keepcdn.com/picture/2016/6/1/A002C003_1.jpg]
[staticssl.keepcdn.com/picture/2016/6/1/A002C003_2.jpg]
[www.gotokeep.com/exercises/574ec00e11fc5042c9195b7c0251.html]
[staticssl.keepcdn.com/picture/2016/6/1/A002C004_1.jpg]
[www.gotokeep.com/exercises/574ec00e11fc5042c9195b7f0251.html]
[staticssl.keepcdn.com/picture/2016/6/1/A002C004_2.jpg]
[staticssl.keepcdn.com/picture/2016/6/1/A002C005_1.jpg]
[staticssl.keepcdn.com/picture/2016/6/1/A002C005_2.jpg]
[staticssl.keepcdn.com/picture/2016/6/1/A002C005_3.jpg]
[www.gotokeep.com/exercises/574ec00e11fc5042c9195b7e0251.html]
[staticssl.keepcdn.com/picture/2016/6/1/A002C006_2.jpg]
[staticssl.keepcdn.com/picture/2016/6/1/A002C006_3.jpg]
[www.gotokeep.com/exercises/574ec00e11fc5042c9195b9b0251.html]
[staticssl.keepcdn.com/picture/2016/6/1/A002C007_1.jpg]
[staticssl.keepcdn.com/picture/2016/6/1/A002C007_2.jpg]
[staticssl.keepcdn.com/picture/2016/6/1/A002C007_3.jpg]
[www.gotokeep.com/exercises/574ec00e11fc5042c9195b830251.html]
[staticssl.keepcdn.com/picture/2016/6/1/A002C008_1.jpg]
[www.gotokeep.com/exercises/574ec00e11fc5042c9195b930251.html]
[staticssl.keepcdn.com/picture/2016/6/1/A002C008_2.jpg]
[staticssl.keepcdn.com/picture/2016/6/1/A002C010_1.jpg]
[staticssl.keepcdn.com/picture/2016/6/1/A002C010_2.jpg]
[www.gotokeep.com/exercises/574ec00e11fc5042c9195b810251.html]
[staticssl.keepcdn.com/picture/2016/6/1/A002C011_1.jpg]
[www.gotokeep.com/exercises/574ec00e11fc5042c9195b990251.html]
[staticssl.keepcdn.com/picture/2016/6/1/A002C011_2.jpg]
[staticssl.keepcdn.com/picture/2016/6/1/A002C013_1.jpg]
[www.gotokeep.com/exercises/574ec00e11fc5042c9195b950251.html]
[staticssl.keepcdn.com/picture/2016/6/1/A002C013r_1.jpg]
[www.gotokeep.com/exercises/574ec00e11fc5042c9195b760251.html]
[staticssl.keepcdn.com/picture/2016/6/1/A001C018r_1.jpg]
[www.gotokeep.com/exercises/574ec00e11fc5042c9195b9a0251.html]
[staticssl.keepcdn.com/picture/2016/6/1/A001C018_1.jpg]
[www.gotokeep.com/exercises/574ec00e11fc5042c9195b820251.html]
[staticssl.keepcdn.com/picture/2016/6/1/A001C017_1.jpg]
[www.gotokeep.com/exercises/574ec00e11fc5042c9195b8c0251.html]
[staticssl.keepcdn.com/picture/2016/6/1/A001C017_2.jpg]
[www.gotokeep.com/users/55ad91c16fd4d449da8a1519.html]
[static1.keepcdn.com/avatar/2017/03/01/20/af0fcf52ee33223d140304ab852b07fc717af2a7fad9.png]
[static1.keepcdn.com/picture/2017/02/20/22/db57bb6686dffc137d5771323e43548389426747_658x1080.jpg]
[www.gotokeep.com/users/58e85be131f116051a4f8ed9.html]
[www.gotokeep.com/users/5714f89e43c3fce709fbda44.html]
[www.gotokeep.com/users/57dd3da9493303343ece0c00.html]
[www.gotokeep.com/users/54fc5f630d93db793ec96480.html]
[www.gotokeep.com/users/55c7860d7c3900d30112caa8.html]
[www.gotokeep.com/users/57653749b2ce90433ab06f12.html]
[www.gotokeep.com/entries/58aafddbf9da937759428e3c.html]
[www.gotokeep.com/users/571240f2b491c4e2082a94e6.html]
[www.gotokeep.com/users/5809fd9831f1162b4ce87466.html]
[www.gotokeep.com/users/55a7c67f2248d883a32a9b5d.html]
[static1.keepcdn.com/avatar/2016/11/07/12/252ac958c98af96ff33494d7791944db92343b8bfad9.png]
[static1.keepcdn.com/picture/2017/02/20/21/ed144f555753b26c43a1074158ecd21bc0340ce7_800x800.jpg]
[www.gotokeep.com/users/577a7d91d819162f058fc4d9.html]
[www.gotokeep.com/users/58565b95493303397b971a41.html]
[www.gotokeep.com/users/58e6233f387e28025d66fc92.html]
[www.gotokeep.com/users/580cc8ee4933031fb0bb3b87.html]
[www.gotokeep.com/users/588b2441387e28303964e7b9.html]
[www.gotokeep.com/users/5713a2b7781176e46ca12686.html]
[www.gotokeep.com/users/58c69ee931f1164d545e9761.html]
[www.gotokeep.com/entries/58aaf0b188b26d057a7ff65c.html]
[www.gotokeep.com/users/5730985538d743784d0089dc.html]
[www.gotokeep.com/users/55a424d85750573e958c21e3.html]
[staticssl.keepcdn.com/avatar/2016/07/24/12/0e41991261f0ce9bab7d4b387c007fff7d81eaddfad9.jpg]
[static1.keepcdn.com/picture/2017/02/20/18/7a304e6b56a4ed9ca7e55cae3f9425fa12fb3da9_1454x2000.jpg]
[www.gotokeep.com/users/5898409431f1161975992fd0.html]
[www.gotokeep.com/users/56c6a7825ef4f83417d785b3.html]
[www.gotokeep.com/users/58e81d724933037e1cb05307.html]
[www.gotokeep.com/users/57a13395190dbec217788aaa.html]
[www.gotokeep.com/users/56c5884a13e6a1777087e069.html]
[www.gotokeep.com/users/56f25b550506e2bb1ad04cbf.html]
[www.gotokeep.com/entries/58aac2d42363ee17dad8344f.html]
[www.gotokeep.com/users/57a6ad76206723f21379f016.html]
[static1.keepcdn.com/avatar/2016/08/11/08/a8f60ea35efc5a336d71d27c60cafa8a4a8e8ef4fad9.png]
[static1.keepcdn.com/picture/2017/02/19/08/72009abc37d58ef892e717b3c07253847be6f27b_720x720.jpg]
[www.gotokeep.com/users/58de749b8c26a31741594731.html]
[www.gotokeep.com/users/58cd5e1d31f1164d54789604.html]
[www.gotokeep.com/users/5762b4321e97383c05c1da00.html]
[www.gotokeep.com/users/584275b24933031d9fd6aa81.html]
[www.gotokeep.com/entries/58a8e19e2363ee77fd16070d.html]
[www.gotokeep.com/users/586e1ca5387e287622eb5959.html]
[www.gotokeep.com/users/55cd46897dbc94595086a0aa.html]
[www.gotokeep.com/users/56d61c7eb0940cfd1bf16e12.html]
[static1.keepcdn.com/avatar/2017/01/11/00/cbc55bd59430e186781cb339c6c29d210ed3feb5fad9.png]
[static1.keepcdn.com/picture/2017/02/14/16/5c39c2f8ace27743e60f7af97faf9af5193f3563_799x1066.jpg]
[www.gotokeep.com/users/58d131da387e280a0cf761df.html]
[www.gotokeep.com/users/58e244a7387e28620f379431.html]
[www.gotokeep.com/users/5804581a31f116684fe5cf9b.html]
[www.gotokeep.com/users/5780bd444dfa683b057fc1e9.html]
[www.gotokeep.com/users/5726043015bf0f6545271dca.html]
[www.gotokeep.com/users/589c8fa34933037545228607.html]
[www.gotokeep.com/users/58ba57c931f1163fb36d7103.html]
[www.gotokeep.com/entries/58a2955df9da9353ed392099.html]
[www.gotokeep.com/users/56039f98d27d5fe195f6c1bb.html]
[www.gotokeep.com/users/563a0afef4ec50220524e775.html]
[static1.keepcdn.com/avatar/2017/03/11/21/d6288b2dca5bcff9aafc32fb22c28f33e1a3c162fad9.png]
[static1.keepcdn.com/picture/2017/02/13/19/9ec651c5205523d5b3b098249cca88a4f9dda578_800x911.jpg]
[www.gotokeep.com/users/58b1457a8c26a34cbc9c7513.html]
[www.gotokeep.com/users/571ae14d6dc1e9ba0183cbeb.html]
[www.gotokeep.com/users/58d0f0db31f1160263fe22cb.html]
[www.gotokeep.com/entries/58a19e50f9da9353ed0e8090.html]
[static1.keepcdn.com/picture/2017/02/12/18/842c4052e4cfeac6ec4f40767c7c61efce9c74d0_800x800.jpg]
[www.gotokeep.com/users/581eba9831f11659e5d6f7b2.html]
[www.gotokeep.com/users/5802ec864933036dfed2bcd8.html]
[www.gotokeep.com/users/57dd232d31f1162b0242ce28.html]
[www.gotokeep.com/users/58cfdebe4933033dedc89034.html]
[www.gotokeep.com/entries/58a00cd298f04a1d1d736a83.html]
[www.gotokeep.com/users/55b798ae510c5cc8615b8664.html]
[static1.keepcdn.com/avatar/2017/03/11/22/4ceee1a493f75c8eb9f9fd3442d11ca16f15baf4fad9.png]
[static1.keepcdn.com/picture/2017/02/12/13/1c69f597d8280319592d87e492c818a1fd87cdb7_800x800.jpg]
